Punto 1
________

Numero bersagli caricati: 24
Numero bersagli disturutti:  4
Numero di bersagli non distrutti: 20

Descrizione prim 3 bersagli integri: 

    679.82  -379.579         1         0

   628.654   106.193         3         0

   813.169   303.502        12         0

Descrizione prim 3 bersagli distrutti: 

   836.681   92.8114        -2         1

   806.942  -87.6272        -4         1

   288.088    92.956        -3         1


Punto 2

Numero proiettili sparati: 110

Primi 3 proiettili: 

     0.621    -0.164   951.817  -157.513         0

     0.332    -0.353   589.472   -217.18         0

     0.678    -0.062   994.029  -61.7089         0

Ultimi 3 proiettili: 

     0.538    -0.073   894.721  -65.4309         0

     0.367     0.319    648.37   214.144         0

      0.66    -0.068   985.195  -67.0967         0

Punto 3


numero di bersagli distrutti totali: 9

numero di bersagli distrutti in sessione di tiro: 5

Numero proiettili a segno: 66

Danno totale: 47.7764

 proiettile Distanza massima  : 

     0.686    -0.066   997.116  -65.9054         0

 proiettile Distanza minima  : 

     0.106    -0.097   213.483   -20.773         0
